<?xml version="1.0" encoding="UTF-8"?>
<testng-results skipped="0" failed="0" ignored="0" total="8" passed="8">
  <reporter-output>
  </reporter-output>
  <suite name="Suite" duration-ms="14510" started-at="2020-08-29T18:41:17Z" finished-at="2020-08-29T18:41:32Z">
    <groups>
    </groups>
    <test name="Test" duration-ms="14510" started-at="2020-08-29T18:41:17Z" finished-at="2020-08-29T18:41:32Z">
      <class name="org.testing.TestScripts.TC8">
        <test-method status="PASS" signature="TestCase8()[pri:0, instance:org.testing.TestScripts.TC8@29f69090]" name="TestCase8" duration-ms="9" started-at="2020-08-30T00:11:32Z" finished-at="2020-08-30T00:11:32Z">
          <reporter-output>
          </reporter-output>
        </test-method> <!-- TestCase8 -->
      </class> <!-- org.testing.TestScripts.TC8 -->
      <class name="org.testing.TestScripts.TC7">
        <test-method status="PASS" signature="TestCase7()[pri:0, instance:org.testing.TestScripts.TC7@4ae3c1cd]" name="TestCase7" duration-ms="3" started-at="2020-08-30T00:11:32Z" finished-at="2020-08-30T00:11:32Z">
          <reporter-output>
          </reporter-output>
        </test-method> <!-- TestCase7 -->
      </class> <!-- org.testing.TestScripts.TC7 -->
      <class name="org.testing.TestScripts.TC6">
        <test-method status="PASS" signature="TestCase6()[pri:0, instance:org.testing.TestScripts.TC6@3bbc39f8]" name="TestCase6" duration-ms="26" started-at="2020-08-30T00:11:32Z" finished-at="2020-08-30T00:11:32Z">
          <reporter-output>
          </reporter-output>
        </test-method> <!-- TestCase6 -->
      </class> <!-- org.testing.TestScripts.TC6 -->
      <class name="org.testing.TestScripts.DeleteRequestTestCase">
        <test-method status="PASS" signature="TestCase5()[pri:0, instance:org.testing.TestScripts.DeleteRequestTestCase@5ea434c8]" name="TestCase5" duration-ms="79" started-at="2020-08-30T00:11:32Z" finished-at="2020-08-30T00:11:32Z">
          <reporter-output>
          </reporter-output>
        </test-method> <!-- TestCase5 -->
      </class> <!-- org.testing.TestScripts.DeleteRequestTestCase -->
      <class name="org.testing.TestScripts.PutRequestTestCase">
        <test-method status="PASS" signature="TestCase4()[pri:0, instance:org.testing.TestScripts.PutRequestTestCase@5d47c63f]" name="TestCase4" duration-ms="95" started-at="2020-08-30T00:11:31Z" finished-at="2020-08-30T00:11:32Z">
          <reporter-output>
          </reporter-output>
        </test-method> <!-- TestCase4 -->
      </class> <!-- org.testing.TestScripts.PutRequestTestCase -->
      <class name="org.testing.TestScripts.GetRequest">
        <test-method status="PASS" signature="TestCase2()[pri:0, instance:org.testing.TestScripts.GetRequest@4de5031f]" name="TestCase2" duration-ms="336" started-at="2020-08-30T00:11:30Z" finished-at="2020-08-30T00:11:30Z">
          <reporter-output>
          </reporter-output>
        </test-method> <!-- TestCase2 -->
      </class> <!-- org.testing.TestScripts.GetRequest -->
      <class name="org.testing.TestScripts.GetRequestWithAllData">
        <test-method status="PASS" signature="TestCase3()[pri:0, instance:org.testing.TestScripts.GetRequestWithAllData@67e2d983]" name="TestCase3" duration-ms="1092" started-at="2020-08-30T00:11:30Z" finished-at="2020-08-30T00:11:31Z">
          <reporter-output>
          </reporter-output>
        </test-method> <!-- TestCase3 -->
      </class> <!-- org.testing.TestScripts.GetRequestWithAllData -->
      <class name="org.testing.TestScripts.PostRequestTestCase">
        <test-method status="PASS" signature="TestCase1()[pri:0, instance:org.testing.TestScripts.PostRequestTestCase@525f1e4e]" name="TestCase1" duration-ms="12725" started-at="2020-08-30T00:11:17Z" finished-at="2020-08-30T00:11:30Z">
          <reporter-output>
          </reporter-output>
        </test-method> <!-- TestCase1 -->
      </class> <!-- org.testing.TestScripts.PostRequestTestCase -->
    </test> <!-- Test -->
  </suite> <!-- Suite -->
</testng-results>
