<?xml version="1.0" encoding="UTF-8"?>
<!-- Generated by org.testng.reporters.JUnitXMLReporter -->
<testsuite hostname="DESKTOP-NP9VC03" ignored="0" name="Command line test 349f5570-be32-4173-9079-4ecdcb74e4f1" tests="3" failures="0" timestamp="15 Aug 2020 15:16:03 GMT" time="9.636" errors="0">
  <testcase name="TestCase1" time="8.661" classname="org.testing.TestScripts.PostRequestTestCase"/>
  <testcase name="TestCase2" time="0.541" classname="org.testing.TestScripts.GetRequest"/>
  <testcase name="TestCase3" time="0.376" classname="org.testing.TestScripts.GetRequestWithAllData"/>
</testsuite> <!-- Command line test 349f5570-be32-4173-9079-4ecdcb74e4f1 -->
