<?xml version="1.0" encoding="UTF-8"?>
<!-- Generated by org.testng.reporters.JUnitXMLReporter -->
<testsuite hostname="DESKTOP-NP9VC03" ignored="0" name="Test" tests="8" failures="0" timestamp="29 Aug 2020 18:41:32 GMT" time="14.51" errors="0">
  <testcase name="TestCase1" time="12.725" classname="org.testing.TestScripts.PostRequestTestCase"/>
  <testcase name="TestCase2" time="0.336" classname="org.testing.TestScripts.GetRequest"/>
  <testcase name="TestCase3" time="1.092" classname="org.testing.TestScripts.GetRequestWithAllData"/>
  <testcase name="TestCase4" time="0.095" classname="org.testing.TestScripts.PutRequestTestCase"/>
  <testcase name="TestCase5" time="0.079" classname="org.testing.TestScripts.DeleteRequestTestCase"/>
  <testcase name="TestCase6" time="0.026" classname="org.testing.TestScripts.TC6"/>
  <testcase name="TestCase7" time="0.003" classname="org.testing.TestScripts.TC7"/>
  <testcase name="TestCase8" time="0.009" classname="org.testing.TestScripts.TC8"/>
</testsuite> <!-- Test -->
